<?xml version="1.0" encoding="UTF-8"?>
<!-- Generated by org.testng.reporters.JUnitReportReporter -->
<testsuite skipped="0" hostname="idea-PC" name="com.practice1.test.smoke.SampleLoginTest" tests="2" failures="0" timestamp="08 Jul 2019 15:41:49 GMT" time="50.193" errors="0">
  <testcase name="testLogin2" time="18.633" classname="com.practice1.test.smoke.SampleLoginTest"/>
  <testcase name="testLoginTitle1" time="31.560" classname="com.practice1.test.smoke.SampleLoginTest"/>
</testsuite> <!-- com.practice1.test.smoke.SampleLoginTest -->
